E_Kotlin/Projects/QuizGame/app/build/intermediates/manifest_merge_blame_file/debug/manifest-merger-blame-debug-report.txt
1<?xml version="1.0" encoding="utf-8"?>
2<manifest xmlns:android="http://schemas.android.com/apk/res/android"
3    package="com.example.quizgame"
4    android:versionCode="1"
5    android:versionName="1.0" >
6
7    <uses-sdk
8        android:minSdkVersion="26"
9        android:targetSdkVersion="34" />
10
11    <permission
11-->[androidx.core:core:1.12.0] AndroidManifest.xml:22:5-24:47
12        android:name="com.example.quizgame.DYNAMIC_RECEIVER_NOT_EXPORTED_PERMISSION"
12-->[androidx.core:core:1.12.0] AndroidManifest.xml:23:9-81
13        android:protectionLevel="signature" />
13-->[androidx.core:core:1.12.0] AndroidManifest.xml:24:9-44
14
15    <uses-permission android:name="com.example.quizgame.DYNAMIC_RECEIVER_NOT_EXPORTED_PERMISSION" />
15-->[androidx.core:core:1.12.0] AndroidManifest.xml:26:5-97
15-->[androidx.core:core:1.12.0] AndroidManifest.xml:26:22-94
16    <uses-permission android:name="android.permission.REORDER_TASKS" />
16-->[androidx.test:core:1.5.0] AndroidManifest.xml:24:5-72
16-->[androidx.test:core:1.5.0] AndroidManifest.xml:24:22-69
17
18    <application
18-->src\main\AndroidManifest.xml:5:5-63:19
19        android:allowBackup="true"
19-->src\main\AndroidManifest.xml:6:9-35
20        android:appComponentFactory="androidx.core.app.CoreComponentFactory"
20-->[androidx.core:core:1.12.0] AndroidManifest.xml:28:18-86
21        android:dataExtractionRules="@xml/data_extraction_rules"
21-->src\main\AndroidManifest.xml:7:9-65
22        android:debuggable="true"
23        android:extractNativeLibs="false"
24        android:fullBackupContent="@xml/backup_rules"
24-->src\main\AndroidManifest.xml:8:9-54
25        android:icon="@drawable/icon_app"
25-->src\main\AndroidManifest.xml:9:9-42
26        android:label="@string/app_name"
26-->src\main\AndroidManifest.xml:10:9-41
27        android:roundIcon="@drawable/icon_app"
27-->src\main\AndroidManifest.xml:11:9-47
28        android:screenOrientation="portrait"
28-->src\main\AndroidManifest.xml:12:9-45
29        android:supportsRtl="true"
29-->src\main\AndroidManifest.xml:13:9-35
30        android:testOnly="true"
31        android:theme="@style/Theme.QuizGame" >
31-->src\main\AndroidManifest.xml:14:9-46
32        <activity
32-->src\main\AndroidManifest.xml:16:9-19:53
33            android:name="com.example.quizgame.activities.HelpActivity"
33-->src\main\AndroidManifest.xml:17:13-52
34            android:exported="false"
34-->src\main\AndroidManifest.xml:18:13-37
35            android:theme="@style/Theme.QuizGame" />
35-->src\main\AndroidManifest.xml:19:13-50
36        <activity
36-->src\main\AndroidManifest.xml:20:9-22:40
37            android:name="com.example.quizgame.activities.PlayersSelectActivity"
37-->src\main\AndroidManifest.xml:21:13-61
38            android:exported="false" />
38-->src\main\AndroidManifest.xml:22:13-37
39        <activity
39-->src\main\AndroidManifest.xml:23:9-32:20
40            android:name="com.example.quizgame.activities.SplashScreenActivity"
40-->src\main\AndroidManifest.xml:24:13-60
41            android:exported="true"
41-->src\main\AndroidManifest.xml:25:13-36
42            android:theme="@style/Theme.Design.NoActionBar" >
42-->src\main\AndroidManifest.xml:26:13-60
43            <intent-filter>
43-->src\main\AndroidManifest.xml:27:13-31:29
44                <action android:name="android.intent.action.MAIN" />
44-->src\main\AndroidManifest.xml:28:17-69
44-->src\main\AndroidManifest.xml:28:25-66
45
46                <category android:name="android.intent.category.LAUNCHER" />
46-->src\main\AndroidManifest.xml:30:17-77
46-->src\main\AndroidManifest.xml:30:27-74
47            </intent-filter>
48        </activity>
49        <activity
49-->src\main\AndroidManifest.xml:33:9-42:20
50            android:name="com.example.quizgame.activities.MainActivity"
50-->src\main\AndroidManifest.xml:34:13-52
51            android:exported="true" >
51-->src\main\AndroidManifest.xml:35:13-36
52            <intent-filter>
52-->src\main\AndroidManifest.xml:36:13-41:29
53                <action android:name="android.intent.action.VIEW" />
53-->src\main\AndroidManifest.xml:37:17-69
53-->src\main\AndroidManifest.xml:37:25-66
54
55                <category android:name="android.intent.category.DEFAULT" />
55-->src\main\AndroidManifest.xml:39:17-76
55-->src\main\AndroidManifest.xml:39:27-73
56                <category android:name="android.intent.category.BROWSABLE" />
56-->src\main\AndroidManifest.xml:40:17-78
56-->src\main\AndroidManifest.xml:40:27-75
57            </intent-filter>
58        </activity>
59        <activity
59-->src\main\AndroidManifest.xml:43:9-52:20
60            android:name="com.example.quizgame.activities.SecondActivity"
60-->src\main\AndroidManifest.xml:44:13-54
61            android:exported="true" >
61-->src\main\AndroidManifest.xml:45:13-36
62            <intent-filter>
62-->src\main\AndroidManifest.xml:36:13-41:29
63                <action android:name="android.intent.action.VIEW" />
63-->src\main\AndroidManifest.xml:37:17-69
63-->src\main\AndroidManifest.xml:37:25-66
64
65                <category android:name="android.intent.category.DEFAULT" />
65-->src\main\AndroidManifest.xml:39:17-76
65-->src\main\AndroidManifest.xml:39:27-73
66                <category android:name="android.intent.category.BROWSABLE" />
66-->src\main\AndroidManifest.xml:40:17-78
66-->src\main\AndroidManifest.xml:40:27-75
67            </intent-filter>
68        </activity>
69        <activity
69-->src\main\AndroidManifest.xml:53:9-62:20
70            android:name="com.example.quizgame.activities.ThirdActivity"
70-->src\main\AndroidManifest.xml:54:13-53
71            android:exported="true" >
71-->src\main\AndroidManifest.xml:55:13-36
72            <intent-filter>
72-->src\main\AndroidManifest.xml:36:13-41:29
73                <action android:name="android.intent.action.VIEW" />
73-->src\main\AndroidManifest.xml:37:17-69
73-->src\main\AndroidManifest.xml:37:25-66
74
75                <category android:name="android.intent.category.DEFAULT" />
75-->src\main\AndroidManifest.xml:39:17-76
75-->src\main\AndroidManifest.xml:39:27-73
76                <category android:name="android.intent.category.BROWSABLE" />
76-->src\main\AndroidManifest.xml:40:17-78
76-->src\main\AndroidManifest.xml:40:27-75
77            </intent-filter>
78        </activity>
79
80        <provider
80-->[androidx.emoji2:emoji2:1.2.0] AndroidManifest.xml:24:9-32:20
81            android:name="androidx.startup.InitializationProvider"
81-->[androidx.emoji2:emoji2:1.2.0] AndroidManifest.xml:25:13-67
82            android:authorities="com.example.quizgame.androidx-startup"
82-->[androidx.emoji2:emoji2:1.2.0] AndroidManifest.xml:26:13-68
83            android:exported="false" >
83-->[androidx.emoji2:emoji2:1.2.0] AndroidManifest.xml:27:13-37
84            <meta-data
84-->[androidx.emoji2:emoji2:1.2.0] AndroidManifest.xml:29:13-31:52
85                android:name="androidx.emoji2.text.EmojiCompatInitializer"
85-->[androidx.emoji2:emoji2:1.2.0] AndroidManifest.xml:30:17-75
86                android:value="androidx.startup" />
86-->[androidx.emoji2:emoji2:1.2.0] AndroidManifest.xml:31:17-49
87            <meta-data
87-->[androidx.lifecycle:lifecycle-process:2.6.1] AndroidManifest.xml:29:13-31:52
88                android:name="androidx.lifecycle.ProcessLifecycleInitializer"
88-->[androidx.lifecycle:lifecycle-process:2.6.1] AndroidManifest.xml:30:17-78
89                android:value="androidx.startup" />
89-->[androidx.lifecycle:lifecycle-process:2.6.1] AndroidManifest.xml:31:17-49
90            <meta-data
90-->[androidx.profileinstaller:profileinstaller:1.3.0] AndroidManifest.xml:29:13-31:52
91                android:name="androidx.profileinstaller.ProfileInstallerInitializer"
91-->[androidx.profileinstaller:profileinstaller:1.3.0] AndroidManifest.xml:30:17-85
92                android:value="androidx.startup" />
92-->[androidx.profileinstaller:profileinstaller:1.3.0] AndroidManifest.xml:31:17-49
93        </provider>
94
95        <uses-library
95-->[androidx.window:window:1.0.0] AndroidManifest.xml:25:9-27:40
96            android:name="androidx.window.extensions"
96-->[androidx.window:window:1.0.0] AndroidManifest.xml:26:13-54
97            android:required="false" />
97-->[androidx.window:window:1.0.0] AndroidManifest.xml:27:13-37
98        <uses-library
98-->[androidx.window:window:1.0.0] AndroidManifest.xml:28:9-30:40
99            android:name="androidx.window.sidecar"
99-->[androidx.window:window:1.0.0] AndroidManifest.xml:29:13-51
100            android:required="false" />
100-->[androidx.window:window:1.0.0] AndroidManifest.xml:30:13-37
101
102        <activity
102-->[androidx.test:core:1.5.0] AndroidManifest.xml:27:9-34:20
103            android:name="androidx.test.core.app.InstrumentationActivityInvoker$BootstrapActivity"
103-->[androidx.test:core:1.5.0] AndroidManifest.xml:28:13-99
104            android:exported="true"
104-->[androidx.test:core:1.5.0] AndroidManifest.xml:29:13-36
105            android:theme="@style/WhiteBackgroundTheme" >
105-->[androidx.test:core:1.5.0] AndroidManifest.xml:30:13-56
106            <intent-filter android:priority="-100" >
106-->[androidx.test:core:1.5.0] AndroidManifest.xml:31:13-33:29
106-->[androidx.test:core:1.5.0] AndroidManifest.xml:31:28-51
107                <category android:name="android.intent.category.LAUNCHER" />
107-->src\main\AndroidManifest.xml:30:17-77
107-->src\main\AndroidManifest.xml:30:27-74
108            </intent-filter>
109        </activity>
110        <activity
110-->[androidx.test:core:1.5.0] AndroidManifest.xml:35:9-42:20
111            android:name="androidx.test.core.app.InstrumentationActivityInvoker$EmptyActivity"
111-->[androidx.test:core:1.5.0] AndroidManifest.xml:36:13-95
112            android:exported="true"
112-->[androidx.test:core:1.5.0] AndroidManifest.xml:37:13-36
113            android:theme="@style/WhiteBackgroundTheme" >
113-->[androidx.test:core:1.5.0] AndroidManifest.xml:38:13-56
114            <intent-filter android:priority="-100" >
114-->[androidx.test:core:1.5.0] AndroidManifest.xml:31:13-33:29
114-->[androidx.test:core:1.5.0] AndroidManifest.xml:31:28-51
115                <category android:name="android.intent.category.LAUNCHER" />
115-->src\main\AndroidManifest.xml:30:17-77
115-->src\main\AndroidManifest.xml:30:27-74
116            </intent-filter>
117        </activity>
118        <activity
118-->[androidx.test:core:1.5.0] AndroidManifest.xml:43:9-50:20
119            android:name="androidx.test.core.app.InstrumentationActivityInvoker$EmptyFloatingActivity"
119-->[androidx.test:core:1.5.0] AndroidManifest.xml:44:13-103
120            android:exported="true"
120-->[androidx.test:core:1.5.0] AndroidManifest.xml:45:13-36
121            android:theme="@style/WhiteBackgroundDialogTheme" >
121-->[androidx.test:core:1.5.0] AndroidManifest.xml:46:13-62
122            <intent-filter android:priority="-100" >
122-->[androidx.test:core:1.5.0] AndroidManifest.xml:31:13-33:29
122-->[androidx.test:core:1.5.0] AndroidManifest.xml:31:28-51
123                <category android:name="android.intent.category.LAUNCHER" />
123-->src\main\AndroidManifest.xml:30:17-77
123-->src\main\AndroidManifest.xml:30:27-74
124            </intent-filter>
125        </activity>
126
127        <service
127-->[androidx.room:room-runtime:2.6.0] AndroidManifest.xml:24:9-28:63
128            android:name="androidx.room.MultiInstanceInvalidationService"
128-->[androidx.room:room-runtime:2.6.0] AndroidManifest.xml:25:13-74
129            android:directBootAware="true"
129-->[androidx.room:room-runtime:2.6.0] AndroidManifest.xml:26:13-43
130            android:exported="false" />
130-->[androidx.room:room-runtime:2.6.0] AndroidManifest.xml:27:13-37
131
132        <receiver
132-->[androidx.profileinstaller:profileinstaller:1.3.0] AndroidManifest.xml:34:9-52:20
133            android:name="androidx.profileinstaller.ProfileInstallReceiver"
133-->[androidx.profileinstaller:profileinstaller:1.3.0] AndroidManifest.xml:35:13-76
134            android:directBootAware="false"
134-->[androidx.profileinstaller:profileinstaller:1.3.0] AndroidManifest.xml:36:13-44
135            android:enabled="true"
135-->[androidx.profileinstaller:profileinstaller:1.3.0] AndroidManifest.xml:37:13-35
136            android:exported="true"
136-->[androidx.profileinstaller:profileinstaller:1.3.0] AndroidManifest.xml:38:13-36
137            android:permission="android.permission.DUMP" >
137-->[androidx.profileinstaller:profileinstaller:1.3.0] AndroidManifest.xml:39:13-57
138            <intent-filter>
138-->[androidx.profileinstaller:profileinstaller:1.3.0] AndroidManifest.xml:40:13-42:29
139                <action android:name="androidx.profileinstaller.action.INSTALL_PROFILE" />
139-->[androidx.profileinstaller:profileinstaller:1.3.0] AndroidManifest.xml:41:17-91
139-->[androidx.profileinstaller:profileinstaller:1.3.0] AndroidManifest.xml:41:25-88
140            </intent-filter>
141            <intent-filter>
141-->[androidx.profileinstaller:profileinstaller:1.3.0] AndroidManifest.xml:43:13-45:29
142                <action android:name="androidx.profileinstaller.action.SKIP_FILE" />
142-->[androidx.profileinstaller:profileinstaller:1.3.0] AndroidManifest.xml:44:17-85
142-->[androidx.profileinstaller:profileinstaller:1.3.0] AndroidManifest.xml:44:25-82
143            </intent-filter>
144            <intent-filter>
144-->[androidx.profileinstaller:profileinstaller:1.3.0] AndroidManifest.xml:46:13-48:29
145                <action android:name="androidx.profileinstaller.action.SAVE_PROFILE" />
145-->[androidx.profileinstaller:profileinstaller:1.3.0] AndroidManifest.xml:47:17-88
145-->[androidx.profileinstaller:profileinstaller:1.3.0] AndroidManifest.xml:47:25-85
146            </intent-filter>
147            <intent-filter>
147-->[androidx.profileinstaller:profileinstaller:1.3.0] AndroidManifest.xml:49:13-51:29
148                <action android:name="androidx.profileinstaller.action.BENCHMARK_OPERATION" />
148-->[androidx.profileinstaller:profileinstaller:1.3.0] AndroidManifest.xml:50:17-95
148-->[androidx.profileinstaller:profileinstaller:1.3.0] AndroidManifest.xml:50:25-92
149            </intent-filter>
150        </receiver>
151    </application>
152
153</manifest>